Started by GitHub push by yuvi1695
Obtained Jenkinsfile from git https://github.com/yuvi1695/batch10
Running in Durability level: MAX_SURVIVABILITY
[Pipeline] Start of Pipeline
[Pipeline] node
Running on Jenkins in /var/lib/jenkins/workspace/batch10
[Pipeline] {
[Pipeline] tool
[Pipeline] tool
[Pipeline] stage
[Pipeline] { (Code Checkout)
[Pipeline] echo
Checking out code from GitHub...
[Pipeline] checkout
Selected Git installation does not exist. Using Default
The recommended git tool is: NONE
using credential training-id
 > git rev-parse --is-inside-work-tree # timeout=10
Fetching changes from the remote Git repository
 > git config remote.origin.url https://github.com/yuvi1695/batch10 # timeout=10
Fetching upstream changes from https://github.com/yuvi1695/batch10
 > git --version # timeout=10
 > git --version # 'git version 2.7.4'
using GIT_ASKPASS to set credentials Used for DevOps training
 > git fetch --tags --progress https://github.com/yuvi1695/batch10 +refs/heads/*:refs/remotes/origin/* # timeout=10
 > git rev-parse refs/remotes/origin/master^{commit} # timeout=10
Checking out Revision e3af22219f37d2ecc9459cb0b9037d95fddc728d (refs/remotes/origin/master)
 > git config core.sparsecheckout # timeout=10
 > git checkout -f e3af22219f37d2ecc9459cb0b9037d95fddc728d # timeout=10
Commit message: "Update Jenkinsfile"
 > git rev-list --no-walk 62cded5e2722a9d20f6e2fd6829da97c86122900 # timeout=10
[Pipeline] }
[Pipeline] // stage
[Pipeline] stage
[Pipeline] { (Build and Package)
[Pipeline] echo
Building the Application...
[Pipeline] sh
+ mvn clean package
[INFO] Scanning for projects...
[INFO]                                                                         
[INFO] ------------------------------------------------------------------------
[INFO] Building bootcamp 0.0.1-SNAPSHOT
[INFO] ------------------------------------------------------------------------
[INFO] 
[INFO] --- maven-clean-plugin:3.1.0:clean (default-clean) @ bootcamp ---
[INFO] Deleting /var/lib/jenkins/workspace/batch10/target
[INFO] 
[INFO] --- maven-resources-plugin:3.1.0:resources (default-resources) @ bootcamp ---
[INFO] Using 'UTF-8' encoding to copy filtered resources.
[INFO] Copying 1 resource
[INFO] Copying 1 resource
[INFO] 
[INFO] --- maven-compiler-plugin:3.8.1:compile (default-compile) @ bootcamp ---
[INFO] Changes detected - recompiling the module!
[INFO] Compiling 2 source files to /var/lib/jenkins/workspace/batch10/target/classes
[INFO] 
[INFO] --- maven-resources-plugin:3.1.0:testResources (default-testResources) @ bootcamp ---
[INFO] Using 'UTF-8' encoding to copy filtered resources.
[INFO] skip non existing resourceDirectory /var/lib/jenkins/workspace/batch10/src/test/resources
[INFO] 
[INFO] --- maven-compiler-plugin:3.8.1:testCompile (default-testCompile) @ bootcamp ---
[INFO] Changes detected - recompiling the module!
[INFO] Compiling 1 source file to /var/lib/jenkins/workspace/batch10/target/test-classes
[INFO] 
[INFO] --- maven-surefire-plugin:2.22.2:test (default-test) @ bootcamp ---
[INFO] 
[INFO] -------------------------------------------------------
[INFO]  T E S T S
[INFO] -------------------------------------------------------
[INFO] Running com.TestMessageController
08:04:31.692 [main] DEBUG org.springframework.test.context.BootstrapUtils - Instantiating CacheAwareContextLoaderDelegate from class [org.springframework.test.context.cache.DefaultCacheAwareContextLoaderDelegate]
08:04:31.718 [main] DEBUG org.springframework.test.context.BootstrapUtils - Instantiating BootstrapContext using constructor [public org.springframework.test.context.support.DefaultBootstrapContext(java.lang.Class,org.springframework.test.context.CacheAwareContextLoaderDelegate)]
08:04:31.739 [main] DEBUG org.springframework.test.context.BootstrapUtils - Instantiating TestContextBootstrapper for test class [com.TestMessageController] from class [org.springframework.boot.test.context.SpringBootTestContextBootstrapper]
08:04:31.751 [main] INFO org.springframework.boot.test.context.SpringBootTestContextBootstrapper - Neither @ContextConfiguration nor @ContextHierarchy found for test class [com.TestMessageController], using SpringBootContextLoader
08:04:31.755 [main] DEBUG org.springframework.test.context.support.AbstractContextLoader - Did not detect default resource location for test class [com.TestMessageController]: class path resource [com/TestMessageController-context.xml] does not exist
08:04:31.756 [main] DEBUG org.springframework.test.context.support.AbstractContextLoader - Did not detect default resource location for test class [com.TestMessageController]: class path resource [com/TestMessageControllerContext.groovy] does not exist
08:04:31.757 [main] INFO org.springframework.test.context.support.AbstractContextLoader - Could not detect default resource locations for test class [com.TestMessageController]: no resource found for suffixes {-context.xml, Context.groovy}.
08:04:31.758 [main] INFO org.springframework.test.context.support.AnnotationConfigContextLoaderUtils - Could not detect default configuration classes for test class [com.TestMessageController]: TestMessageController does not declare any static, non-private, non-final, nested classes annotated with @Configuration.
08:04:31.802 [main] DEBUG org.springframework.test.context.support.ActiveProfilesUtils - Could not find an 'annotation declaring class' for annotation type [org.springframework.test.context.ActiveProfiles] and class [com.TestMessageController]
08:04:31.914 [main] DEBUG org.springframework.context.annotation.ClassPathScanningCandidateComponentProvider - Identified candidate component class: file [/var/lib/jenkins/workspace/batch10/target/classes/com/Application.class]
08:04:31.918 [main] INFO org.springframework.boot.test.context.SpringBootTestContextBootstrapper - Found @SpringBootConfiguration com.Application for test class com.TestMessageController
08:04:32.013 [main] DEBUG org.springframework.boot.test.context.SpringBootTestContextBootstrapper - @TestExecutionListeners is not present for class [com.TestMessageController]: using defaults.
08:04:32.014 [main] INFO org.springframework.boot.test.context.SpringBootTestContextBootstrapper - Loaded default TestExecutionListener class names from location [META-INF/spring.factories]: [org.springframework.boot.test.mock.mockito.MockitoTestExecutionListener, org.springframework.boot.test.mock.mockito.ResetMocksTestExecutionListener, org.springframework.boot.test.autoconfigure.restdocs.RestDocsTestExecutionListener, org.springframework.boot.test.autoconfigure.web.client.MockRestServiceServerResetTestExecutionListener, org.springframework.boot.test.autoconfigure.web.servlet.MockMvcPrintOnlyOnFailureTestExecutionListener, org.springframework.boot.test.autoconfigure.web.servlet.WebDriverTestExecutionListener, org.springframework.test.context.web.ServletTestExecutionListener, org.springframework.test.context.support.DirtiesContextBeforeModesTestExecutionListener, org.springframework.test.context.support.DependencyInjectionTestExecutionListener, org.springframework.test.context.support.DirtiesContextTestExecutionListener, org.springframework.test.context.transaction.TransactionalTestExecutionListener, org.springframework.test.context.jdbc.SqlScriptsTestExecutionListener]
08:04:32.023 [main] DEBUG org.springframework.boot.test.context.SpringBootTestContextBootstrapper - Skipping candidate TestExecutionListener [org.springframework.test.context.transaction.TransactionalTestExecutionListener] due to a missing dependency. Specify custom listener classes or make the default listener classes and their required dependencies available. Offending class: [org/springframework/transaction/TransactionDefinition]
08:04:32.024 [main] DEBUG org.springframework.boot.test.context.SpringBootTestContextBootstrapper - Skipping candidate TestExecutionListener [org.springframework.test.context.jdbc.SqlScriptsTestExecutionListener] due to a missing dependency. Specify custom listener classes or make the default listener classes and their required dependencies available. Offending class: [org/springframework/transaction/interceptor/TransactionAttribute]
08:04:32.026 [main] INFO org.springframework.boot.test.context.SpringBootTestContextBootstrapper - Using TestExecutionListeners: [org.springframework.test.context.web.ServletTestExecutionListener@484970b0, org.springframework.test.context.support.DirtiesContextBeforeModesTestExecutionListener@4470f8a6, org.springframework.boot.test.mock.mockito.MockitoTestExecutionListener@7c83dc97, org.springframework.boot.test.autoconfigure.SpringBootDependencyInjectionTestExecutionListener@7748410a, org.springframework.test.context.support.DirtiesContextTestExecutionListener@740773a3, org.springframework.boot.test.mock.mockito.ResetMocksTestExecutionListener@37f1104d, org.springframework.boot.test.autoconfigure.restdocs.RestDocsTestExecutionListener@55740540, org.springframework.boot.test.autoconfigure.web.client.MockRestServiceServerResetTestExecutionListener@60015ef5, org.springframework.boot.test.autoconfigure.web.servlet.MockMvcPrintOnlyOnFailureTestExecutionListener@2f54a33d, org.springframework.boot.test.autoconfigure.web.servlet.WebDriverTestExecutionListener@1018bde2]
08:04:32.031 [main] DEBUG org.springframework.test.context.support.AbstractDirtiesContextTestExecutionListener - Before test class: context [DefaultTestContext@157853da testClass = TestMessageController, testInstance = [null], testMethod = [null], testException = [null], mergedContextConfiguration = [WebMergedContextConfiguration@71c3b41 testClass = TestMessageController, locations = '{}', classes = '{class com.Application}', contextInitializerClasses = '[]', activeProfiles = '{}', propertySourceLocations = '{}', propertySourceProperties = '{org.springframework.boot.test.context.SpringBootTestContextBootstrapper=true}', contextCustomizers = set[org.springframework.boot.test.context.filter.ExcludeFilterContextCustomizer@ca263c2, org.springframework.boot.test.json.DuplicateJsonObjectContextCustomizerFactory$DuplicateJsonObjectContextCustomizer@4c6e276e, org.springframework.boot.test.mock.mockito.MockitoContextCustomizer@0, org.springframework.boot.test.web.client.TestRestTemplateContextCustomizer@14a2f921, org.springframework.boot.test.autoconfigure.properties.PropertyMappingContextCustomizer@0, org.springframework.boot.test.autoconfigure.web.servlet.WebDriverContextCustomizerFactory$Customizer@5906ebcb], resourceBasePath = 'src/main/webapp', contextLoader = 'org.springframework.boot.test.context.SpringBootContextLoader', parent = [null]], attributes = map['org.springframework.test.context.web.ServletTestExecutionListener.activateListener' -> true]], class annotated with @DirtiesContext [false] with mode [null].
08:04:32.059 [main] DEBUG org.springframework.test.context.support.TestPropertySourceUtils - Adding inlined properties to environment: {spring.jmx.enabled=false, org.springframework.boot.test.context.SpringBootTestContextBootstrapper=true, server.port=-1}

  .   ____          _            __ _ _
 /\\ / ___'_ __ _ _(_)_ __  __ _ \ \ \ \
( ( )\___ | '_ | '_| | '_ \/ _` | \ \ \ \
 \\/  ___)| |_)| | | | | || (_| |  ) ) ) )
  '  |____| .__|_| |_|_| |_\__, | / / / /
 =========|_|==============|___/=/_/_/_/
 :: Spring Boot ::        (v2.1.7.RELEASE)

2021-06-01 08:04:32.442  INFO 15119 --- [           main] com.TestMessageController                : Starting TestMessageController on devops-build-server with PID 15119 (started by jenkins in /var/lib/jenkins/workspace/batch10)
2021-06-01 08:04:32.443  INFO 15119 --- [           main] com.TestMessageController                : No active profile set, falling back to default profiles: default
2021-06-01 08:04:35.368  INFO 15119 --- [           main] o.s.s.concurrent.ThreadPoolTaskExecutor  : Initializing ExecutorService 'applicationTaskExecutor'
2021-06-01 08:04:35.506  INFO 15119 --- [           main] o.s.b.a.w.s.WelcomePageHandlerMapping    : Adding welcome page: class path resource [static/index.html]
2021-06-01 08:04:35.776  INFO 15119 --- [           main] com.TestMessageController                : Started TestMessageController in 3.708 seconds (JVM running for 4.819)
2021-06-01 08:04:36.051  INFO 15119 --- [           main] com.MessageController                    : hello, its an info
2021-06-01 08:04:36.067  INFO 15119 --- [           main] com.MessageController                    : hello from test app1
[INFO] Tests run: 2, Failures: 0, Errors: 0, Skipped: 0, Time elapsed: 4.468 s - in com.TestMessageController
2021-06-01 08:04:36.128  INFO 15119 --- [       Thread-2] o.s.s.concurrent.ThreadPoolTaskExecutor  : Shutting down ExecutorService 'applicationTaskExecutor'
[INFO] 
[INFO] Results:
[INFO] 
[INFO] Tests run: 2, Failures: 0, Errors: 0, Skipped: 0
[INFO] 
[INFO] 
[INFO] --- maven-jar-plugin:3.1.2:jar (default-jar) @ bootcamp ---
[INFO] Building jar: /var/lib/jenkins/workspace/batch10/target/bootcamp-0.0.1-SNAPSHOT.jar
[INFO] 
[INFO] --- spring-boot-maven-plugin:2.1.7.RELEASE:repackage (repackage) @ bootcamp ---
[INFO] Replacing main artifact with repackaged archive
[INFO] 
[INFO] --- spring-boot-maven-plugin:2.1.7.RELEASE:repackage (default) @ bootcamp ---
[INFO] Replacing main artifact with repackaged archive
[INFO] ------------------------------------------------------------------------
[INFO] BUILD SUCCESS
[INFO] ------------------------------------------------------------------------
[INFO] Total time: 10.168 s
[INFO] Finished at: 2021-06-01T08:04:37+00:00
[INFO] Final Memory: 36M/237M
[INFO] ------------------------------------------------------------------------
[Pipeline] }
[Pipeline] // stage
[Pipeline] stage
[Pipeline] { (Sonar Scan)
[Pipeline] echo
Running Static Code Analysis...
[Pipeline] withSonarQubeEnv
Injecting SonarQube environment variables using the configuration: SONARQUBE
[Pipeline] {
[Pipeline] sh
+ mvn sonar:sonar
[INFO] Scanning for projects...
[WARNING] The POM for org.eclipse.m2e:lifecycle-mapping:jar:1.0.0 is missing, no dependency information available
[WARNING] Failed to retrieve plugin descriptor for org.eclipse.m2e:lifecycle-mapping:1.0.0: Plugin org.eclipse.m2e:lifecycle-mapping:1.0.0 or one of its dependencies could not be resolved: Failure to find org.eclipse.m2e:lifecycle-mapping:jar:1.0.0 in https://repo.maven.apache.org/maven2 was cached in the local repository, resolution will not be reattempted until the update interval of central has elapsed or updates are forced
[INFO]                                                                         
[INFO] ------------------------------------------------------------------------
[INFO] Building bootcamp 0.0.1-SNAPSHOT
[INFO] ------------------------------------------------------------------------
[WARNING] The POM for org.eclipse.m2e:lifecycle-mapping:jar:1.0.0 is missing, no dependency information available
[WARNING] Failed to retrieve plugin descriptor for org.eclipse.m2e:lifecycle-mapping:1.0.0: Plugin org.eclipse.m2e:lifecycle-mapping:1.0.0 or one of its dependencies could not be resolved: Failure to find org.eclipse.m2e:lifecycle-mapping:jar:1.0.0 in https://repo.maven.apache.org/maven2 was cached in the local repository, resolution will not be reattempted until the update interval of central has elapsed or updates are forced
[INFO] 
[INFO] --- sonar-maven-plugin:3.9.0.2155:sonar (default-cli) @ bootcamp ---
[INFO] User cache: /var/lib/jenkins/.sonar/cache
[INFO] SonarQube version: 8.9.0
[INFO] Default locale: "en_US", source code encoding: "UTF-8"
[WARNING] SonarScanner will require Java 11 to run, starting in SonarQube 9.x
[INFO] Load global settings
[INFO] Load global settings (done) | time=507ms
[INFO] Server id: BF41A1F2-AXnGUWE83Xia5gJoHz6w
[INFO] User cache: /var/lib/jenkins/.sonar/cache
[INFO] Load/download plugins
[INFO] Load plugins index
[INFO] Load plugins index (done) | time=260ms
[INFO] Load/download plugins (done) | time=294ms
[INFO] Process project properties
[INFO] Process project properties (done) | time=24ms
[INFO] Execute project builders
[INFO] Execute project builders (done) | time=2ms
[INFO] Project key: com.casestudy:bootcamp
[INFO] Base dir: /var/lib/jenkins/workspace/batch10
[INFO] Working dir: /var/lib/jenkins/workspace/batch10/target/sonar
[INFO] Load project settings for component key: 'com.casestudy:bootcamp'
[INFO] Load project settings for component key: 'com.casestudy:bootcamp' (done) | time=221ms
[INFO] Auto-configuring with CI 'Jenkins'
[INFO] Load quality profiles
[INFO] Load quality profiles (done) | time=286ms
[INFO] Auto-configuring with CI 'Jenkins'
[INFO] Load active rules
[INFO] Load active rules (done) | time=5196ms
[INFO] Indexing files...
[INFO] Project configuration:
[INFO] 4 files indexed
[INFO] 0 files ignored because of scm ignore settings
[INFO] Quality profile for java: Sonar way
[INFO] Quality profile for xml: Sonar way
[INFO] ------------- Run sensors on module bootcamp
[INFO] Load metrics repository
[INFO] Load metrics repository (done) | time=231ms
[INFO] Sensor JavaSquidSensor [java]
[INFO] Configured Java source version (sonar.java.source): 8
[INFO] JavaClasspath initialization
[INFO] JavaClasspath initialization (done) | time=22ms
[INFO] JavaTestClasspath initialization
[INFO] JavaTestClasspath initialization (done) | time=6ms
[INFO] Java Main Files AST scan
[INFO] 2 source files to be analyzed
[INFO] Load project repositories
[INFO] Load project repositories (done) | time=228ms
[INFO] 2/2 source files have been analyzed
[INFO] Java Main Files AST scan (done) | time=1626ms
[INFO] Java Test Files AST scan
[INFO] 1 source file to be analyzed
[INFO] 1/1 source file has been analyzed
[INFO] Java Test Files AST scan (done) | time=184ms
[INFO] Java Generated Files AST scan
[INFO] 0 source files to be analyzed
[INFO] 0/0 source files have been analyzed
[INFO] Java Generated Files AST scan (done) | time=1ms
[INFO] Sensor JavaSquidSensor [java] (done) | time=2241ms
[INFO] Sensor CSS Rules [cssfamily]
[INFO] No CSS, PHP, HTML or VueJS files are found in the project. CSS analysis is skipped.
[INFO] Sensor CSS Rules [cssfamily] (done) | time=1ms
[INFO] Sensor JaCoCo XML Report Importer [jacoco]
[INFO] 'sonar.coverage.jacoco.xmlReportPaths' is not defined. Using default locations: target/site/jacoco/jacoco.xml,target/site/jacoco-it/jacoco.xml,build/reports/jacoco/test/jacocoTestReport.xml
[INFO] No report imported, no coverage information will be imported by JaCoCo XML Report Importer
[INFO] Sensor JaCoCo XML Report Importer [jacoco] (done) | time=3ms
[INFO] Sensor C# Project Type Information [csharp]
[INFO] Sensor C# Project Type Information [csharp] (done) | time=2ms
[INFO] Sensor C# Properties [csharp]
[INFO] Sensor C# Properties [csharp] (done) | time=1ms
[INFO] Sensor SurefireSensor [java]
[INFO] parsing [/var/lib/jenkins/workspace/batch10/target/surefire-reports]
[INFO] Sensor SurefireSensor [java] (done) | time=85ms
[INFO] Sensor JavaXmlSensor [java]
[INFO] 1 source file to be analyzed
[INFO] 1/1 source file has been analyzed
[INFO] Sensor JavaXmlSensor [java] (done) | time=207ms
[INFO] Sensor HTML [web]
[INFO] Sensor HTML [web] (done) | time=3ms
[INFO] Sensor XML Sensor [xml]
[INFO] 1 source file to be analyzed
[INFO] 1/1 source file has been analyzed
[INFO] Sensor XML Sensor [xml] (done) | time=134ms
[INFO] Sensor VB.NET Project Type Information [vbnet]
[INFO] Sensor VB.NET Project Type Information [vbnet] (done) | time=1ms
[INFO] Sensor VB.NET Properties [vbnet]
[INFO] Sensor VB.NET Properties [vbnet] (done) | time=1ms
[INFO] ------------- Run sensors on project
[INFO] Sensor Zero Coverage Sensor
[INFO] Sensor Zero Coverage Sensor (done) | time=10ms
[INFO] Sensor Java CPD Block Indexer
[INFO] Sensor Java CPD Block Indexer (done) | time=19ms
[INFO] CPD Executor 1 file had no CPD blocks
[INFO] CPD Executor Calculating CPD for 1 file
[INFO] CPD Executor CPD calculation finished (done) | time=11ms
[INFO] Analysis report generated in 117ms, dir size=107 KB
[INFO] Analysis report compressed in 33ms, zip size=19 KB
[INFO] Analysis report uploaded in 427ms
[INFO] ANALYSIS SUCCESSFUL, you can browse http://34.136.182.153:9000/dashboard?id=com.casestudy%3Abootcamp
[INFO] Note that you will be able to access the updated dashboard once the server has processed the submitted analysis report
[INFO] More about the report processing at http://34.136.182.153:9000/api/ce/task?id=AXnGmqqY3Xia5gJoH4r6
[INFO] Analysis total time: 11.447 s
[INFO] ------------------------------------------------------------------------
[INFO] BUILD SUCCESS
[INFO] ------------------------------------------------------------------------
[INFO] Total time: 15.925 s
[INFO] Finished at: 2021-06-01T08:04:55+00:00
[INFO] Final Memory: 53M/363M
[INFO] ------------------------------------------------------------------------
[Pipeline] }
[Pipeline] // withSonarQubeEnv
[Pipeline] }
[Pipeline] // stage
[Pipeline] stage
[Pipeline] { (Security Scan)
[Pipeline] echo
Running Security Scan...
[Pipeline] pwd
[Pipeline] findFiles
[Pipeline] echo
Artifact to Scan :target/bootcamp-0.0.1-SNAPSHOT.jar
[Pipeline] appscan
Preparing the IRX file using SAClientUtil version 8.0.1436...
Discovering targets...
Target added: target
Validating...
Validating target...
Staging bootcamp-0.0.1-SNAPSHOT.jar
Staging bootcamp-0.0.1-SNAPSHOT.jar.child/BOOT-INF/lib/spring-boot-starter-web-2.1.7.RELEASE.jar
Staging bootcamp-0.0.1-SNAPSHOT.jar.child/BOOT-INF/lib/spring-boot-starter-2.1.7.RELEASE.jar
Staging bootcamp-0.0.1-SNAPSHOT.jar.child/BOOT-INF/lib/spring-boot-2.1.7.RELEASE.jar
Staging bootcamp-0.0.1-SNAPSHOT.jar.child/BOOT-INF/lib/spring-boot-autoconfigure-2.1.7.RELEASE.jar
Staging bootcamp-0.0.1-SNAPSHOT.jar.child/BOOT-INF/lib/spring-boot-starter-logging-2.1.7.RELEASE.jar
Staging bootcamp-0.0.1-SNAPSHOT.jar.child/BOOT-INF/lib/logback-classic-1.2.3.jar
Staging bootcamp-0.0.1-SNAPSHOT.jar.child/BOOT-INF/lib/logback-core-1.2.3.jar
Staging bootcamp-0.0.1-SNAPSHOT.jar.child/BOOT-INF/lib/log4j-to-slf4j-2.11.2.jar
Staging bootcamp-0.0.1-SNAPSHOT.jar.child/BOOT-INF/lib/log4j-api-2.11.2.jar
Staging bootcamp-0.0.1-SNAPSHOT.jar.child/BOOT-INF/lib/jul-to-slf4j-1.7.26.jar
Staging bootcamp-0.0.1-SNAPSHOT.jar.child/BOOT-INF/lib/javax.annotation-api-1.3.2.jar
Staging bootcamp-0.0.1-SNAPSHOT.jar.child/BOOT-INF/lib/snakeyaml-1.23.jar
Staging bootcamp-0.0.1-SNAPSHOT.jar.child/BOOT-INF/lib/spring-boot-starter-json-2.1.7.RELEASE.jar
Staging bootcamp-0.0.1-SNAPSHOT.jar.child/BOOT-INF/lib/jackson-databind-2.9.9.jar
Staging bootcamp-0.0.1-SNAPSHOT.jar.child/BOOT-INF/lib/jackson-annotations-2.9.0.jar
Staging bootcamp-0.0.1-SNAPSHOT.jar.child/BOOT-INF/lib/jackson-core-2.9.9.jar
Staging bootcamp-0.0.1-SNAPSHOT.jar.child/BOOT-INF/lib/jackson-datatype-jdk8-2.9.9.jar
Staging bootcamp-0.0.1-SNAPSHOT.jar.child/BOOT-INF/lib/jackson-datatype-jsr310-2.9.9.jar
Staging bootcamp-0.0.1-SNAPSHOT.jar.child/BOOT-INF/lib/jackson-module-parameter-names-2.9.9.jar
Staging bootcamp-0.0.1-SNAPSHOT.jar.child/BOOT-INF/lib/spring-boot-starter-tomcat-2.1.7.RELEASE.jar
Staging bootcamp-0.0.1-SNAPSHOT.jar.child/BOOT-INF/lib/tomcat-embed-core-9.0.22.jar
Staging bootcamp-0.0.1-SNAPSHOT.jar.child/BOOT-INF/lib/tomcat-embed-el-9.0.22.jar
Staging bootcamp-0.0.1-SNAPSHOT.jar.child/BOOT-INF/lib/tomcat-embed-websocket-9.0.22.jar
Staging bootcamp-0.0.1-SNAPSHOT.jar.child/BOOT-INF/lib/hibernate-validator-6.0.17.Final.jar
Staging bootcamp-0.0.1-SNAPSHOT.jar.child/BOOT-INF/lib/validation-api-2.0.1.Final.jar
Staging bootcamp-0.0.1-SNAPSHOT.jar.child/BOOT-INF/lib/jboss-logging-3.3.2.Final.jar
Staging bootcamp-0.0.1-SNAPSHOT.jar.child/BOOT-INF/lib/classmate-1.4.0.jar
Staging bootcamp-0.0.1-SNAPSHOT.jar.child/BOOT-INF/lib/spring-web-5.1.9.RELEASE.jar
Staging bootcamp-0.0.1-SNAPSHOT.jar.child/BOOT-INF/lib/spring-beans-5.1.9.RELEASE.jar
Staging bootcamp-0.0.1-SNAPSHOT.jar.child/BOOT-INF/lib/spring-webmvc-5.1.9.RELEASE.jar
Staging bootcamp-0.0.1-SNAPSHOT.jar.child/BOOT-INF/lib/spring-aop-5.1.9.RELEASE.jar
Staging bootcamp-0.0.1-SNAPSHOT.jar.child/BOOT-INF/lib/spring-context-5.1.9.RELEASE.jar
Staging bootcamp-0.0.1-SNAPSHOT.jar.child/BOOT-INF/lib/spring-expression-5.1.9.RELEASE.jar
Staging bootcamp-0.0.1-SNAPSHOT.jar.child/BOOT-INF/lib/slf4j-api-1.7.26.jar
Staging bootcamp-0.0.1-SNAPSHOT.jar.child/BOOT-INF/lib/spring-core-5.1.9.RELEASE.jar
Staging bootcamp-0.0.1-SNAPSHOT.jar.child/BOOT-INF/lib/spring-jcl-5.1.9.RELEASE.jar
Staging bootcamp-0.0.1-SNAPSHOT.jar.child/BOOT-INF/lib/junit-jupiter-api-5.3.2.jar
Staging bootcamp-0.0.1-SNAPSHOT.jar.child/BOOT-INF/lib/apiguardian-api-1.0.0.jar
Staging bootcamp-0.0.1-SNAPSHOT.jar.child/BOOT-INF/lib/opentest4j-1.1.1.jar
Staging bootcamp-0.0.1-SNAPSHOT.jar.child/BOOT-INF/lib/junit-platform-commons-1.3.2.jar
Staging bootcamp-0.0.1-SNAPSHOT.jar.child/BOOT-INF/lib/junit-jupiter-engine-5.3.2.jar
Staging bootcamp-0.0.1-SNAPSHOT.jar.child/BOOT-INF/lib/junit-platform-engine-1.3.2.jar
Staging bootcamp-0.0.1-SNAPSHOT.jar.child/BOOT-INF/lib/junit-platform-launcher-1.3.2.jar
Duplicate jar entry com.MessageController. Using the one already present.
Duplicate jar entry com.Application. Using the one already present.
Starting wafl gen process
Wafl gen took 5,761ms for /var/lib/jenkins/workspace/batch10/target/_08-04-56_1/stage/2/Java/wafl/_frameworksCLI.wafl 
Beginning IR threaded generation
Processed class org.opentest4j.IncompleteExecutionException (1 of 11)
Processed: (9%)
Processed class org.opentest4j.TestAbortedException (2 of 11)
Processed: (18%)
Processed class org.opentest4j.ValueWrapper (3 of 11)
Processed: (27%)
Processed class com.Application (4 of 11)
Processed: (36%)
Processed class org.opentest4j.AssertionFailedError (5 of 11)
Processed: (45%)
Processed class com.MessageController (6 of 11)
Processed: (54%)
Processed class org.opentest4j.MultipleFailuresError (7 of 11)
Processed: (63%)
Processed class org.apiguardian.api.API (8 of 11)
Processed: (72%)
Processed class org.opentest4j.TestSkippedException (9 of 11)
Processed: (81%)
Processed class org.apiguardian.api.API$Status (10 of 11)
Processed: (90%)
Processed class com.TestMessageController (11 of 11)
Processed: (100%)
Completed IR threaded generation. Process took 1,389ms to complete.
0%
Validating target...
16%
Validating target...
33%
Validating target...
50%
Validating target...
66%
Validating analyze...
83%
Validating analyze...
100%
Validation complete.
Generating IRX file...
Processing target analyze (1 of 2)
Processing file index.html (1 of 1)
Processed: (8%)
Processing target target (2 of 2)
Processing file index.html (1 of 1)
Processed: (16%)
Processing target analyze (1 of 2)
Processing file index.html (1 of 1)
Processed: (25%)
Processing target target (2 of 2)
Processing file index.html (1 of 1)
Processed: (33%)
Processing target target (1 of 1)
Processing file createdFiles.lst (1 of 4)
Processed: (41%)
Processing file inputFiles.lst (2 of 4)
Processed: (50%)
Processing file createdFiles.lst (3 of 4)
Processed: (58%)
Processing file inputFiles.lst (4 of 4)
Processed: (66%)
Processing target target (1 of 1)
Processing file createdFiles.lst (1 of 4)
Processed: (75%)
Processing file inputFiles.lst (2 of 4)
Processed: (83%)
Processing file createdFiles.lst (3 of 4)
Processed: (91%)
Processing file inputFiles.lst (4 of 4)
Processed: (100%)
IRX file generation successful.

Uploading /var/lib/jenkins/workspace/batch10/target/Security-test_2021-06-01_08-04-56.irx to the analysis service...
Creating and executing scan...
Successfully submitted scan for analysis.
Running security analysis...
[Pipeline] }
[Pipeline] // stage
[Pipeline] stage
[Pipeline] { (Publish HTML Reports)
[Pipeline] echo
 Publishing HTML Reports...
[Pipeline] publishHTML
[htmlpublisher] Archiving HTML reports...
[htmlpublisher] Archiving at BUILD level /var/lib/jenkins/workspace/batch10/target/surefire-reports to /var/lib/jenkins/jobs/batch10/builds/92/htmlreports/Test_20Report
[Pipeline] }
[Pipeline] // stage
[Pipeline] withCredentials
Masking supported pattern matches of $dockerUser or $dockerPwd
[Pipeline] {
[Pipeline] stage
[Pipeline] { (Build Docker Image)
[Pipeline] echo
Building Docker image for batch10 ...
[Pipeline] sh
Warning: A secret was passed to "sh" using Groovy String interpolation, which is insecure.
		 Affected argument(s) used the following variable(s): [dockerUser]
		 See https://jenkins.io/redirect/groovy-string-interpolation for details.
+ docker build -t ****/batch10:2.0 .
Sending build context to Docker daemon  18.16MB

Step 1/3 : FROM openjdk:8-jdk-alpine
 ---> a3562aa0b991
Step 2/3 : COPY target/*.jar batch10.jar
 ---> d6ca4acf91b1
Step 3/3 : ENTRYPOINT ["java","-jar","/batch10.jar"]
 ---> Running in f4a64418ba50
Removing intermediate container f4a64418ba50
 ---> bb311b00695d
Successfully built bb311b00695d
Successfully tagged ****/batch10:2.0
[Pipeline] }
[Pipeline] // stage
[Pipeline] stage
[Pipeline] { (Push Docker Image to Docker Hub)
[Pipeline] echo
Pushing image...
[Pipeline] sh
Warning: A secret was passed to "sh" using Groovy String interpolation, which is insecure.
		 Affected argument(s) used the following variable(s): [dockerUser, dockerPwd]
		 See https://jenkins.io/redirect/groovy-string-interpolation for details.
+ docker login -u **** -p ****
WARNING! Using --password via the CLI is insecure. Use --password-stdin.
WARNING! Your password will be stored unencrypted in /var/lib/jenkins/.docker/config.json.
Configure a credential helper to remove this warning. See
https://docs.docker.com/engine/reference/commandline/login/#credentials-store

Login Succeeded
[Pipeline] sh
Warning: A secret was passed to "sh" using Groovy String interpolation, which is insecure.
		 Affected argument(s) used the following variable(s): [dockerUser]
		 See https://jenkins.io/redirect/groovy-string-interpolation for details.
+ docker push ****/batch10:2.0
The push refers to repository [docker.io/****/batch10]
9679b3d79caf: Preparing
ceaf9e1ebef5: Preparing
9b9b7f3d56a0: Preparing
f1b5933fe4b5: Preparing
f1b5933fe4b5: Layer already exists
9b9b7f3d56a0: Layer already exists
ceaf9e1ebef5: Layer already exists
9679b3d79caf: Pushed
2.0: digest: sha256:ac1b55372d15dd453da8a3ad38303db5a9fc2549a7ad73f06370a9fd11dcad78 size: 1159
[Pipeline] }
[Pipeline] // stage
[Pipeline] stage
[Pipeline] { (Deploy Application)
[Pipeline] ansiColor
[Pipeline] {

[Pipeline] echo
Configuring the Instance and Deploying Application...
[Pipeline] ansiblePlaybook
Warning: A secret was passed to "ansiblePlaybook" using Groovy String interpolation, which is insecure.
		 Affected argument(s) used the following variable(s): [dockerUser]
		 See https://jenkins.io/redirect/groovy-string-interpolation for details.
[batch10] $ /usr/bin/ansible-playbook deployment-playbook.yml -i /etc/ansible/hosts --private-key /var/lib/jenkins/workspace/batch10/ssh6086573092739976180.key -u yuvrajyuvi24 -e user=**** -e version=2.0

PLAY [TargetServer] ************************************************************

TASK [Gathering Facts] *********************************************************
[0;32mok: [10.128.0.3][0m

TASK [Install java] ************************************************************
[0;32mok: [10.128.0.3][0m

TASK [Install Maven] ***********************************************************
[0;32mok: [10.128.0.3][0m

TASK [Add Tomcat Group] ********************************************************
[0;32mok: [10.128.0.3][0m

TASK [Add Tomcat User] *********************************************************
[0;32mok: [10.128.0.3][0m

TASK [Create /opt/tomcat Directory] ********************************************
[0;32mok: [10.128.0.3][0m

TASK [Download Latest Tomcat and Extract] **************************************
[0;33mchanged: [10.128.0.3][0m

TASK [Change Ownership for Tomcat Installation] ********************************
[0;33mchanged: [10.128.0.3][0m

TASK [Create tomcat.service] ***************************************************
[0;33mchanged: [10.128.0.3][0m

TASK [Edit tomcat.service] *****************************************************
[0;32mok: [10.128.0.3][0m

TASK [Changing Permissions for tomcat.service file] ****************************
[0;32mok: [10.128.0.3][0m

TASK [Start Tomcat] ************************************************************
[0;32mok: [10.128.0.3][0m

TASK [Install Docker] **********************************************************
[0;32mok: [10.128.0.3][0m

TASK [Start and Enable Docker Service] *****************************************
[0;32mok: [10.128.0.3][0m

TASK [Starting to Deploy Application] ******************************************
[1;35m[WARNING]: Consider using 'become', 'become_method', and 'become_user' rather[0m
[1;35mthan running sudo[0m
[0;33mchanged: [10.128.0.3][0m

PLAY RECAP *********************************************************************
[0;33m10.128.0.3[0m                 : [0;32mok=15  [0m [0;33mchanged=4   [0m unreachable=0    failed=0    skipped=0    rescued=0    ignored=0   

[Pipeline] }

[Pipeline] // ansiColor
[Pipeline] }
[Pipeline] // stage
[Pipeline] stage
[Pipeline] { (Sending Notification)
[Pipeline] echo
Sending Success Notification
[Pipeline] emailext
Sending email to: yuvrajyuvi24@gmail.com
